<?xml version="1.0" encoding="UTF-8"?>
<!-- Generated by org.testng.reporters.JUnitReportReporter -->
<testsuite hostname="DESKTOP-MVKTGS4" failures="0" tests="4" name="Tests.userRegiterationTest" time="7.689" errors="0" timestamp="2023-01-06T14:51:14 EET" skipped="0">
  <testcase classname="Tests.userRegiterationTest" name="UserRegisterSuccessfully" time="4.108"/>
  <system-out/>
  <testcase classname="Tests.userRegiterationTest" name="UserNotRegisterSuccessfully" time="1.246"/>
  <system-out/>
  <testcase classname="Tests.userRegiterationTest" name="UserNotRegisterInvalidPass" time="1.186"/>
  <system-out/>
  <testcase classname="Tests.userRegiterationTest" name="EmptyFields" time="1.149"/>
  <system-out/>
</testsuite> <!-- Tests.userRegiterationTest -->
