<?xml version="1.0" encoding="UTF-8"?>
<!-- Generated by org.testng.reporters.JUnitReportReporter -->
<testsuite hostname="DESKTOP-MVKTGS4" failures="0" tests="1" name="Tests.SearchTest" time="12.497" errors="0" timestamp="2023-01-06T14:51:14 EET" skipped="0">
  <testcase classname="Tests.SearchTest" name="SearchForProduct" time="12.497"/>
  <system-out/>
</testsuite> <!-- Tests.SearchTest -->
